0 info it worked if it ends with ok
1 verbose cli [ '/usr/bin/node', '/usr/bin/npm', 'i' ]
2 info using npm@3.5.2
3 info using node@v8.10.0
4 silly loadCurrentTree Starting
5 silly install loadCurrentTree
6 silly install readLocalPackageData
7 silly install normalizeTree
8 silly loadCurrentTree Finishing
9 silly loadIdealTree Starting
10 silly install loadIdealTree
11 silly cloneCurrentTree Starting
12 silly install cloneCurrentTreeToIdealTree
13 silly cloneCurrentTree Finishing
14 silly loadShrinkwrap Starting
15 silly install loadShrinkwrap
16 silly loadShrinkwrap Finishing
17 silly loadAllDepsIntoIdealTree Starting
18 silly install loadAllDepsIntoIdealTree
19 silly fetchNamedPackageData @popperjs/core
20 silly mapToRegistry name @popperjs/core
21 silly mapToRegistry scope (from package name) @popperjs
22 verbose mapToRegistry no registry URL found in name for scope @popperjs
23 silly mapToRegistry using default registry
24 silly mapToRegistry registry https://registry.npmjs.org/
25 silly mapToRegistry uri https://registry.npmjs.org/@popperjs%2fcore
26 silly fetchNamedPackageData bootstrap
27 silly mapToRegistry name bootstrap
28 silly mapToRegistry using default registry
29 silly mapToRegistry registry https://registry.npmjs.org/
30 silly mapToRegistry uri https://registry.npmjs.org/bootstrap
31 verbose request uri https://registry.npmjs.org/@popperjs%2fcore
32 verbose request no auth needed
33 info attempt registry request try #1 at 9:10:00 AM
34 verbose request id e0b2e71209c1c92b
35 verbose etag W/"5fca39379309334c0ad64eeaf0e1d074"
36 verbose lastModified Fri, 26 May 2023 17:27:27 GMT
37 http request GET https://registry.npmjs.org/@popperjs%2fcore
38 verbose request uri https://registry.npmjs.org/bootstrap
39 verbose request no auth needed
40 info attempt registry request try #1 at 9:10:00 AM
41 verbose etag W/"fc30dcd197258e66e5e66aec8740a4a8"
42 verbose lastModified Mon, 15 Jul 2024 03:00:09 GMT
43 http request GET https://registry.npmjs.org/bootstrap
44 http 304 https://registry.npmjs.org/bootstrap
45 verbose headers { date: 'Fri, 23 Aug 2024 00:09:56 GMT',
45 verbose headers   connection: 'keep-alive',
45 verbose headers   'cf-ray': '8b76e06fed40d1f2-ICN',
45 verbose headers   'cf-cache-status': 'HIT',
45 verbose headers   'access-control-allow-origin': '*',
45 verbose headers   age: '127',
45 verbose headers   'cache-control': 'public, max-age=300',
45 verbose headers   etag: '"fc30dcd197258e66e5e66aec8740a4a8"',
45 verbose headers   'last-modified': 'Mon, 15 Jul 2024 03:00:09 GMT',
45 verbose headers   vary: 'Accept-Encoding',
45 verbose headers   server: 'cloudflare' }
46 silly get cb [ 304,
46 silly get   { date: 'Fri, 23 Aug 2024 00:09:56 GMT',
46 silly get     connection: 'keep-alive',
46 silly get     'cf-ray': '8b76e06fed40d1f2-ICN',
46 silly get     'cf-cache-status': 'HIT',
46 silly get     'access-control-allow-origin': '*',
46 silly get     age: '127',
46 silly get     'cache-control': 'public, max-age=300',
46 silly get     etag: '"fc30dcd197258e66e5e66aec8740a4a8"',
46 silly get     'last-modified': 'Mon, 15 Jul 2024 03:00:09 GMT',
46 silly get     vary: 'Accept-Encoding',
46 silly get     server: 'cloudflare' } ]
47 verbose etag https://registry.npmjs.org/bootstrap from cache
48 verbose get saving bootstrap to /home/lorkhan/.npm/registry.npmjs.org/bootstrap/.cache.json
49 silly resolveWithNewModule bootstrap@5.3.3 checking installable status
50 silly cache add args [ 'bootstrap@^5.3.3', null ]
51 verbose cache add spec bootstrap@^5.3.3
52 silly cache add parsed spec Result {
52 silly cache add   raw: 'bootstrap@^5.3.3',
52 silly cache add   scope: null,
52 silly cache add   name: 'bootstrap',
52 silly cache add   rawSpec: '^5.3.3',
52 silly cache add   spec: '>=5.3.3 <6.0.0',
52 silly cache add   type: 'range' }
53 silly addNamed bootstrap@>=5.3.3 <6.0.0
54 verbose addNamed ">=5.3.3 <6.0.0" is a valid semver range for bootstrap
55 silly addNameRange { name: 'bootstrap', range: '>=5.3.3 <6.0.0', hasData: false }
56 silly mapToRegistry name bootstrap
57 silly mapToRegistry using default registry
58 silly mapToRegistry registry https://registry.npmjs.org/
59 silly mapToRegistry uri https://registry.npmjs.org/bootstrap
60 verbose addNameRange registry:https://registry.npmjs.org/bootstrap not in flight; fetching
61 verbose get https://registry.npmjs.org/bootstrap not expired, no request
62 silly addNameRange number 2 { name: 'bootstrap', range: '>=5.3.3 <6.0.0', hasData: true }
63 silly addNameRange versions [ 'bootstrap',
63 silly addNameRange   [ '0.0.1',
63 silly addNameRange     '0.0.2',
63 silly addNameRange     '3.1.1',
63 silly addNameRange     '3.2.0',
63 silly addNameRange     '3.3.0',
63 silly addNameRange     '3.3.1',
63 silly addNameRange     '3.3.2',
63 silly addNameRange     '3.3.4',
63 silly addNameRange     '3.3.5',
63 silly addNameRange     '3.3.6',
63 silly addNameRange     '4.0.0-alpha.2',
63 silly addNameRange     '3.3.7',
63 silly addNameRange     '4.0.0-alpha.3',
63 silly addNameRange     '4.0.0-alpha.4',
63 silly addNameRange     '4.0.0-alpha.5',
63 silly addNameRange     '4.0.0-alpha.6',
63 silly addNameRange     '4.0.0-beta',
63 silly addNameRange     '4.0.0-beta.2',
63 silly addNameRange     '4.0.0-beta.3',
63 silly addNameRange     '4.0.0',
63 silly addNameRange     '4.1.0',
63 silly addNameRange     '4.1.1',
63 silly addNameRange     '4.1.2',
63 silly addNameRange     '4.1.3',
63 silly addNameRange     '3.4.0',
63 silly addNameRange     '4.2.1',
63 silly addNameRange     '4.3.0',
63 silly addNameRange     '3.4.1',
63 silly addNameRange     '4.3.1',
63 silly addNameRange     '4.4.0',
63 silly addNameRange     '4.4.1',
63 silly addNameRange     '4.5.0',
63 silly addNameRange     '5.0.0-alpha1',
63 silly addNameRange     '4.5.1',
63 silly addNameRange     '4.5.2',
63 silly addNameRange     '5.0.0-alpha2',
63 silly addNameRange     '4.5.3',
63 silly addNameRange     '5.0.0-alpha3',
63 silly addNameRange     '5.0.0-beta1',
63 silly addNameRange     '4.6.0',
63 silly addNameRange     '5.0.0-beta2',
63 silly addNameRange     '5.0.0-beta3',
63 silly addNameRange     '5.0.0',
63 silly addNameRange     '5.0.1',
63 silly addNameRange     '5.0.2',
63 silly addNameRange     '5.1.0',
63 silly addNameRange     '5.1.1',
63 silly addNameRange     '5.1.2',
63 silly addNameRange     '5.1.3',
63 silly addNameRange     '4.6.1',
63 silly addNameRange     '5.2.0-beta1',
63 silly addNameRange     '4.6.2',
63 silly addNameRange     '5.2.0',
63 silly addNameRange     '5.2.1',
63 silly addNameRange     '5.2.2',
63 silly addNameRange     '5.2.3',
63 silly addNameRange     '5.3.0-alpha1',
63 silly addNameRange     '5.3.0-alpha2',
63 silly addNameRange     '5.3.0-alpha3',
63 silly addNameRange     '5.3.0',
63 silly addNameRange     '5.3.1',
63 silly addNameRange     '5.3.2',
63 silly addNameRange     '5.3.3' ] ]
64 silly addNamed bootstrap@5.3.3
65 verbose addNamed "5.3.3" is a plain semver version for bootstrap
66 silly cache afterAdd bootstrap@5.3.3
67 verbose afterAdd /home/lorkhan/.npm/bootstrap/5.3.3/package/package.json not in flight; writing
68 verbose afterAdd /home/lorkhan/.npm/bootstrap/5.3.3/package/package.json written
69 http 304 https://registry.npmjs.org/@popperjs%2fcore
70 verbose headers { date: 'Fri, 23 Aug 2024 00:09:57 GMT',
70 verbose headers   connection: 'keep-alive',
70 verbose headers   'cf-ray': '8b76e06fefe5309e-ICN',
70 verbose headers   'cf-cache-status': 'HIT',
70 verbose headers   'access-control-allow-origin': '*',
70 verbose headers   'cache-control': 'public, max-age=300',
70 verbose headers   etag: '"5fca39379309334c0ad64eeaf0e1d074"',
70 verbose headers   'last-modified': 'Fri, 26 May 2023 17:27:27 GMT',
70 verbose headers   vary: 'Accept-Encoding',
70 verbose headers   server: 'cloudflare' }
71 silly get cb [ 304,
71 silly get   { date: 'Fri, 23 Aug 2024 00:09:57 GMT',
71 silly get     connection: 'keep-alive',
71 silly get     'cf-ray': '8b76e06fefe5309e-ICN',
71 silly get     'cf-cache-status': 'HIT',
71 silly get     'access-control-allow-origin': '*',
71 silly get     'cache-control': 'public, max-age=300',
71 silly get     etag: '"5fca39379309334c0ad64eeaf0e1d074"',
71 silly get     'last-modified': 'Fri, 26 May 2023 17:27:27 GMT',
71 silly get     vary: 'Accept-Encoding',
71 silly get     server: 'cloudflare' } ]
72 verbose etag https://registry.npmjs.org/@popperjs%2fcore from cache
73 verbose get saving @popperjs/core to /home/lorkhan/.npm/registry.npmjs.org/_40popperjs_252fcore/.cache.json
74 silly resolveWithNewModule @popperjs/core@2.11.8 checking installable status
75 silly cache add args [ '@popperjs/core@^2.11.8', null ]
76 verbose cache add spec @popperjs/core@^2.11.8
77 silly cache add parsed spec Result {
77 silly cache add   raw: '@popperjs/core@^2.11.8',
77 silly cache add   scope: '@popperjs',
77 silly cache add   name: '@popperjs/core',
77 silly cache add   rawSpec: '^2.11.8',
77 silly cache add   spec: '>=2.11.8 <3.0.0',
77 silly cache add   type: 'range' }
78 silly addNamed @popperjs/core@>=2.11.8 <3.0.0
79 verbose addNamed ">=2.11.8 <3.0.0" is a valid semver range for @popperjs/core
80 silly addNameRange { name: '@popperjs/core',
80 silly addNameRange   range: '>=2.11.8 <3.0.0',
80 silly addNameRange   hasData: false }
81 silly mapToRegistry name @popperjs/core
82 silly mapToRegistry scope (from package name) @popperjs
83 verbose mapToRegistry no registry URL found in name for scope @popperjs
84 silly mapToRegistry using default registry
85 silly mapToRegistry registry https://registry.npmjs.org/
86 silly mapToRegistry uri https://registry.npmjs.org/@popperjs%2fcore
87 verbose addNameRange registry:https://registry.npmjs.org/@popperjs%2fcore not in flight; fetching
88 verbose get https://registry.npmjs.org/@popperjs%2fcore not expired, no request
89 silly addNameRange number 2 { name: '@popperjs/core',
89 silly addNameRange   range: '>=2.11.8 <3.0.0',
89 silly addNameRange   hasData: true }
90 silly addNameRange versions [ '@popperjs/core',
90 silly addNameRange   [ '2.0.0-next.5',
90 silly addNameRange     '2.0.0-next.6',
90 silly addNameRange     '2.0.0-next.7',
90 silly addNameRange     '2.0.0-next.8',
90 silly addNameRange     '2.0.0-next.9',
90 silly addNameRange     '2.0.0-next.10',
90 silly addNameRange     '2.0.0-next.11',
90 silly addNameRange     '2.0.0-next.12',
90 silly addNameRange     '2.0.0-next.13',
90 silly addNameRange     '2.0.0-next.14',
90 silly addNameRange     '2.0.0-next.15',
90 silly addNameRange     '2.0.0-next.16',
90 silly addNameRange     '2.0.0-alpha.1',
90 silly addNameRange     '2.0.0-next.17',
90 silly addNameRange     '2.0.0-alpha.2',
90 silly addNameRange     '2.0.0-alpha.3',
90 silly addNameRange     '2.0.0-alpha.4',
90 silly addNameRange     '2.0.0-rc.1',
90 silly addNameRange     '2.0.0-rc.2',
90 silly addNameRange     '2.0.0-rc.3',
90 silly addNameRange     '2.0.0',
90 silly addNameRange     '2.0.1',
90 silly addNameRange     '2.0.2',
90 silly addNameRange     '2.0.3',
90 silly addNameRange     '2.0.4',
90 silly addNameRange     '2.0.5',
90 silly addNameRange     '2.0.6',
90 silly addNameRange     '2.1.0',
90 silly addNameRange     '2.1.1',
90 silly addNameRange     '2.2.0',
90 silly addNameRange     '2.2.0-bundlephobia.1',
90 silly addNameRange     '2.2.1',
90 silly addNameRange     '2.2.2',
90 silly addNameRange     '2.2.3',
90 silly addNameRange     '2.3.0',
90 silly addNameRange     '2.3.1',
90 silly addNameRange     '2.3.2',
90 silly addNameRange     '2.3.3',
90 silly addNameRange     '2.4.0',
90 silly addNameRange     '2.4.1',
90 silly addNameRange     '2.4.2',
90 silly addNameRange     '2.4.3',
90 silly addNameRange     '2.4.4',
90 silly addNameRange     '2.5.0',
90 silly addNameRange     '2.5.1',
90 silly addNameRange     '2.5.2',
90 silly addNameRange     '2.5.3',
90 silly addNameRange     '2.5.4',
90 silly addNameRange     '2.6.0',
90 silly addNameRange     '2.7.0',
90 silly addNameRange     '2.7.1',
90 silly addNameRange     '2.7.2',
90 silly addNameRange     '2.8.0',
90 silly addNameRange     '2.8.1',
90 silly addNameRange     '2.8.2',
90 silly addNameRange     '2.8.3',
90 silly addNameRange     '2.8.4',
90 silly addNameRange     '2.8.5',
90 silly addNameRange     '2.8.6',
90 silly addNameRange     '2.9.0',
90 silly addNameRange     '2.9.1',
90 silly addNameRange     '2.9.2',
90 silly addNameRange     '2.9.3',
90 silly addNameRange     '2.10.0',
90 silly addNameRange     '2.10.1',
90 silly addNameRange     '2.10.2',
90 silly addNameRange     '2.11.0',
90 silly addNameRange     '2.11.1',
90 silly addNameRange     '2.11.2',
90 silly addNameRange     '2.11.3',
90 silly addNameRange     '2.11.4',
90 silly addNameRange     '2.11.5',
90 silly addNameRange     '2.11.6',
90 silly addNameRange     '2.11.7',
90 silly addNameRange     '2.11.8' ] ]
91 silly addNamed @popperjs/core@2.11.8
92 verbose addNamed "2.11.8" is a plain semver version for @popperjs/core
93 silly cache afterAdd @popperjs/core@2.11.8
94 verbose afterAdd /home/lorkhan/.npm/@popperjs/core/2.11.8/package/package.json not in flight; writing
95 verbose afterAdd /home/lorkhan/.npm/@popperjs/core/2.11.8/package/package.json written
96 silly fetchNamedPackageData @babel/core
97 silly mapToRegistry name @babel/core
98 silly mapToRegistry scope (from package name) @babel
99 verbose mapToRegistry no registry URL found in name for scope @babel
100 silly mapToRegistry using default registry
101 silly mapToRegistry registry https://registry.npmjs.org/
102 silly mapToRegistry uri https://registry.npmjs.org/@babel%2fcore
103 silly fetchNamedPackageData @babel/plugin-transform-class-properties
104 silly mapToRegistry name @babel/plugin-transform-class-properties
105 silly mapToRegistry scope (from package name) @babel
106 verbose mapToRegistry no registry URL found in name for scope @babel
107 silly mapToRegistry using default registry
108 silly mapToRegistry registry https://registry.npmjs.org/
109 silly mapToRegistry uri https://registry.npmjs.org/@babel%2fplugin-transform-class-properties
110 silly fetchNamedPackageData @babel/preset-env
111 silly mapToRegistry name @babel/preset-env
112 silly mapToRegistry scope (from package name) @babel
113 verbose mapToRegistry no registry URL found in name for scope @babel
114 silly mapToRegistry using default registry
115 silly mapToRegistry registry https://registry.npmjs.org/
116 silly mapToRegistry uri https://registry.npmjs.org/@babel%2fpreset-env
117 silly fetchNamedPackageData @commitlint/cli
118 silly mapToRegistry name @commitlint/cli
119 silly mapToRegistry scope (from package name) @commitlint
120 verbose mapToRegistry no registry URL found in name for scope @commitlint
121 silly mapToRegistry using default registry
122 silly mapToRegistry registry https://registry.npmjs.org/
123 silly mapToRegistry uri https://registry.npmjs.org/@commitlint%2fcli
124 silly fetchNamedPackageData @commitlint/config-conventional
125 silly mapToRegistry name @commitlint/config-conventional
126 silly mapToRegistry scope (from package name) @commitlint
127 verbose mapToRegistry no registry URL found in name for scope @commitlint
128 silly mapToRegistry using default registry
129 silly mapToRegistry registry https://registry.npmjs.org/
130 silly mapToRegistry uri https://registry.npmjs.org/@commitlint%2fconfig-conventional
131 silly fetchNamedPackageData @rollup/plugin-babel
132 silly mapToRegistry name @rollup/plugin-babel
133 silly mapToRegistry scope (from package name) @rollup
134 verbose mapToRegistry no registry URL found in name for scope @rollup
135 silly mapToRegistry using default registry
136 silly mapToRegistry registry https://registry.npmjs.org/
137 silly mapToRegistry uri https://registry.npmjs.org/@rollup%2fplugin-babel
138 silly fetchNamedPackageData @rollup/plugin-node-resolve
139 silly mapToRegistry name @rollup/plugin-node-resolve
140 silly mapToRegistry scope (from package name) @rollup
141 verbose mapToRegistry no registry URL found in name for scope @rollup
142 silly mapToRegistry using default registry
143 silly mapToRegistry registry https://registry.npmjs.org/
144 silly mapToRegistry uri https://registry.npmjs.org/@rollup%2fplugin-node-resolve
145 silly fetchNamedPackageData @rollup/plugin-terser
146 silly mapToRegistry name @rollup/plugin-terser
147 silly mapToRegistry scope (from package name) @rollup
148 verbose mapToRegistry no registry URL found in name for scope @rollup
149 silly mapToRegistry using default registry
150 silly mapToRegistry registry https://registry.npmjs.org/
151 silly mapToRegistry uri https://registry.npmjs.org/@rollup%2fplugin-terser
152 silly fetchNamedPackageData @rollup/plugin-yaml
153 silly mapToRegistry name @rollup/plugin-yaml
154 silly mapToRegistry scope (from package name) @rollup
155 verbose mapToRegistry no registry URL found in name for scope @rollup
156 silly mapToRegistry using default registry
157 silly mapToRegistry registry https://registry.npmjs.org/
158 silly mapToRegistry uri https://registry.npmjs.org/@rollup%2fplugin-yaml
159 silly fetchNamedPackageData @semantic-release/changelog
160 silly mapToRegistry name @semantic-release/changelog
161 silly mapToRegistry scope (from package name) @semantic-release
162 verbose mapToRegistry no registry URL found in name for scope @semantic-release
163 silly mapToRegistry using default registry
164 silly mapToRegistry registry https://registry.npmjs.org/
165 silly mapToRegistry uri https://registry.npmjs.org/@semantic-release%2fchangelog
166 silly fetchNamedPackageData @semantic-release/exec
167 silly mapToRegistry name @semantic-release/exec
168 silly mapToRegistry scope (from package name) @semantic-release
169 verbose mapToRegistry no registry URL found in name for scope @semantic-release
170 silly mapToRegistry using default registry
171 silly mapToRegistry registry https://registry.npmjs.org/
172 silly mapToRegistry uri https://registry.npmjs.org/@semantic-release%2fexec
173 silly fetchNamedPackageData @semantic-release/git
174 silly mapToRegistry name @semantic-release/git
175 silly mapToRegistry scope (from package name) @semantic-release
176 verbose mapToRegistry no registry URL found in name for scope @semantic-release
177 silly mapToRegistry using default registry
178 silly mapToRegistry registry https://registry.npmjs.org/
179 silly mapToRegistry uri https://registry.npmjs.org/@semantic-release%2fgit
180 silly fetchNamedPackageData concurrently
181 silly mapToRegistry name concurrently
182 silly mapToRegistry using default registry
183 silly mapToRegistry registry https://registry.npmjs.org/
184 silly mapToRegistry uri https://registry.npmjs.org/concurrently
185 silly fetchNamedPackageData conventional-changelog-conventionalcommits
186 silly mapToRegistry name conventional-changelog-conventionalcommits
187 silly mapToRegistry using default registry
188 silly mapToRegistry registry https://registry.npmjs.org/
189 silly mapToRegistry uri https://registry.npmjs.org/conventional-changelog-conventionalcommits
190 silly fetchNamedPackageData husky
191 silly mapToRegistry name husky
192 silly mapToRegistry using default registry
193 silly mapToRegistry registry https://registry.npmjs.org/
194 silly mapToRegistry uri https://registry.npmjs.org/husky
195 silly fetchNamedPackageData purgecss
196 silly mapToRegistry name purgecss
197 silly mapToRegistry using default registry
198 silly mapToRegistry registry https://registry.npmjs.org/
199 silly mapToRegistry uri https://registry.npmjs.org/purgecss
200 silly fetchNamedPackageData rollup
201 silly mapToRegistry name rollup
202 silly mapToRegistry using default registry
203 silly mapToRegistry registry https://registry.npmjs.org/
204 silly mapToRegistry uri https://registry.npmjs.org/rollup
205 silly fetchNamedPackageData rollup-plugin-license
206 silly mapToRegistry name rollup-plugin-license
207 silly mapToRegistry using default registry
208 silly mapToRegistry registry https://registry.npmjs.org/
209 silly mapToRegistry uri https://registry.npmjs.org/rollup-plugin-license
210 silly fetchNamedPackageData semantic-release
211 silly mapToRegistry name semantic-release
212 silly mapToRegistry using default registry
213 silly mapToRegistry registry https://registry.npmjs.org/
214 silly mapToRegistry uri https://registry.npmjs.org/semantic-release
215 silly fetchNamedPackageData stylelint
216 silly mapToRegistry name stylelint
217 silly mapToRegistry using default registry
218 silly mapToRegistry registry https://registry.npmjs.org/
219 silly mapToRegistry uri https://registry.npmjs.org/stylelint
220 silly fetchNamedPackageData stylelint-config-standard-scss
221 silly mapToRegistry name stylelint-config-standard-scss
222 silly mapToRegistry using default registry
223 silly mapToRegistry registry https://registry.npmjs.org/
224 silly mapToRegistry uri https://registry.npmjs.org/stylelint-config-standard-scss
225 verbose request uri https://registry.npmjs.org/@babel%2fplugin-transform-class-properties
226 verbose request no auth needed
227 info attempt registry request try #1 at 9:10:00 AM
228 verbose etag W/"46586bc524d9cff35171455f7e50b950"
229 verbose lastModified Thu, 22 Aug 2024 09:34:39 GMT
230 http request GET https://registry.npmjs.org/@babel%2fplugin-transform-class-properties
231 verbose request uri https://registry.npmjs.org/@babel%2fcore
232 verbose request no auth needed
233 info attempt registry request try #1 at 9:10:00 AM
234 verbose etag W/"d7d45c92e79276f6ca75fc9ff0158f5f"
235 verbose lastModified Tue, 30 Jul 2024 02:54:57 GMT
236 http request GET https://registry.npmjs.org/@babel%2fcore
237 verbose request uri https://registry.npmjs.org/@commitlint%2fcli
238 verbose request no auth needed
239 info attempt registry request try #1 at 9:10:00 AM
240 verbose etag W/"669adc03bf6f9acd481bc2bc4ecd16d9"
241 verbose lastModified Wed, 07 Aug 2024 08:40:15 GMT
242 http request GET https://registry.npmjs.org/@commitlint%2fcli
243 verbose request uri https://registry.npmjs.org/@rollup%2fplugin-babel
244 verbose request no auth needed
245 info attempt registry request try #1 at 9:10:00 AM
246 verbose etag W/"becb19f3db3bbd5b12a5ba49af98e8a0"
247 verbose lastModified Thu, 05 Oct 2023 11:59:53 GMT
248 http request GET https://registry.npmjs.org/@rollup%2fplugin-babel
249 verbose request uri https://registry.npmjs.org/@rollup%2fplugin-terser
250 verbose request no auth needed
251 info attempt registry request try #1 at 9:10:00 AM
252 verbose etag W/"35e3b3f4ce82040d0509a594e19319e2"
253 verbose lastModified Thu, 05 Oct 2023 12:48:30 GMT
254 http request GET https://registry.npmjs.org/@rollup%2fplugin-terser
255 verbose request uri https://registry.npmjs.org/@rollup%2fplugin-yaml
256 verbose request no auth needed
257 info attempt registry request try #1 at 9:10:00 AM
258 verbose etag W/"c49027bb39885f067320781be4295488"
259 verbose lastModified Thu, 05 Oct 2023 12:51:38 GMT
260 http request GET https://registry.npmjs.org/@rollup%2fplugin-yaml
261 verbose request uri https://registry.npmjs.org/@babel%2fpreset-env
262 verbose request no auth needed
263 info attempt registry request try #1 at 9:10:00 AM
264 verbose etag W/"374b235c8061da7b34fafc52c5ed6aa9"
265 verbose lastModified Thu, 22 Aug 2024 09:34:41 GMT
266 http request GET https://registry.npmjs.org/@babel%2fpreset-env
267 verbose request uri https://registry.npmjs.org/@rollup%2fplugin-node-resolve
268 verbose request no auth needed
269 info attempt registry request try #1 at 9:10:00 AM
270 verbose etag W/"e8153545b5a491a4ed224f6d5e258623"
271 verbose lastModified Sun, 08 Oct 2023 19:23:56 GMT
272 http request GET https://registry.npmjs.org/@rollup%2fplugin-node-resolve
273 verbose request uri https://registry.npmjs.org/@semantic-release%2fchangelog
274 verbose request no auth needed
275 info attempt registry request try #1 at 9:10:00 AM
276 verbose etag W/"1115c1738e19b152e1e51990a9305b5b"
277 verbose lastModified Wed, 12 Jul 2023 19:37:52 GMT
278 http request GET https://registry.npmjs.org/@semantic-release%2fchangelog
279 verbose request uri https://registry.npmjs.org/@commitlint%2fconfig-conventional
280 verbose request no auth needed
281 info attempt registry request try #1 at 9:10:00 AM
282 verbose etag W/"3b0e97d65e6b157a0869c2950cd38ad0"
283 verbose lastModified Sun, 14 Apr 2024 08:03:25 GMT
284 http request GET https://registry.npmjs.org/@commitlint%2fconfig-conventional
285 verbose request uri https://registry.npmjs.org/conventional-changelog-conventionalcommits
286 verbose request no auth needed
287 info attempt registry request try #1 at 9:10:00 AM
288 verbose etag W/"1935dffb2da61c63c1f9998cd767ce8d"
289 verbose lastModified Fri, 03 May 2024 22:56:20 GMT
290 http request GET https://registry.npmjs.org/conventional-changelog-conventionalcommits
291 verbose request uri https://registry.npmjs.org/concurrently
292 verbose request no auth needed
293 info attempt registry request try #1 at 9:10:00 AM
294 verbose etag W/"fb455e1825efbcaccd5f0fbada9976b4"
295 verbose lastModified Mon, 06 May 2024 13:38:39 GMT
296 http request GET https://registry.npmjs.org/concurrently
297 verbose request uri https://registry.npmjs.org/purgecss
298 verbose request no auth needed
299 info attempt registry request try #1 at 9:10:00 AM
300 verbose etag W/"939185d76d59ea29c65a6986a477a685"
301 verbose lastModified Fri, 29 Mar 2024 17:33:20 GMT
302 http request GET https://registry.npmjs.org/purgecss
303 verbose request uri https://registry.npmjs.org/@semantic-release%2fexec
304 verbose request no auth needed
305 info attempt registry request try #1 at 9:10:00 AM
306 verbose etag W/"2ecdb62c458f00efe149911a66290f5d"
307 verbose lastModified Wed, 06 Apr 2022 22:37:28 GMT
308 http request GET https://registry.npmjs.org/@semantic-release%2fexec
309 verbose request uri https://registry.npmjs.org/@semantic-release%2fgit
310 verbose request no auth needed
311 info attempt registry request try #1 at 9:10:00 AM
312 verbose etag W/"fbd7d5d51931e6ea9b4981a4dd0f8545"
313 verbose lastModified Wed, 12 Jul 2023 19:37:56 GMT
314 http request GET https://registry.npmjs.org/@semantic-release%2fgit
315 verbose request uri https://registry.npmjs.org/husky
316 verbose request no auth needed
317 info attempt registry request try #1 at 9:10:00 AM
318 verbose etag W/"3a7a7a4dcfb39041ea3dcd41bb6bd2a0"
319 verbose lastModified Tue, 20 Aug 2024 12:37:46 GMT
320 http request GET https://registry.npmjs.org/husky
321 verbose request uri https://registry.npmjs.org/rollup-plugin-license
322 verbose request no auth needed
323 info attempt registry request try #1 at 9:10:00 AM
324 verbose etag W/"cedcb323770fed08087408fa464f8acc"
325 verbose lastModified Thu, 04 Jul 2024 08:59:20 GMT
326 http request GET https://registry.npmjs.org/rollup-plugin-license
327 verbose request uri https://registry.npmjs.org/stylelint-config-standard-scss
328 verbose request no auth needed
329 info attempt registry request try #1 at 9:10:00 AM
330 verbose etag W/"ce336d2ef2ac0b0785869c9dc0b04292"
331 verbose lastModified Tue, 02 Apr 2024 19:44:08 GMT
332 http request GET https://registry.npmjs.org/stylelint-config-standard-scss
333 verbose request uri https://registry.npmjs.org/stylelint
334 verbose request no auth needed
335 info attempt registry request try #1 at 9:10:00 AM
336 verbose etag W/"d0aefd1db9b03861905ebecebd0d6999"
337 verbose lastModified Thu, 15 Aug 2024 14:47:34 GMT
338 http request GET https://registry.npmjs.org/stylelint
339 verbose request uri https://registry.npmjs.org/semantic-release
340 verbose request no auth needed
341 info attempt registry request try #1 at 9:10:00 AM
342 verbose etag W/"d4ffff452f07a56e0fc0a1db4b3cf142"
343 verbose lastModified Sat, 17 Aug 2024 12:25:25 GMT
344 http request GET https://registry.npmjs.org/semantic-release
345 verbose request uri https://registry.npmjs.org/rollup
346 verbose request no auth needed
347 info attempt registry request try #1 at 9:10:00 AM
348 verbose etag W/"0b2bc1465bcc57afe5e16b2e56a2383b"
349 verbose lastModified Sun, 18 Aug 2024 05:56:06 GMT
350 http request GET https://registry.npmjs.org/rollup
351 http 304 https://registry.npmjs.org/@babel%2fplugin-transform-class-properties
352 verbose headers { date: 'Fri, 23 Aug 2024 00:09:57 GMT',
352 verbose headers   connection: 'keep-alive',
352 verbose headers   'cf-ray': '8b76e0742e63d1f2-ICN',
352 verbose headers   'cf-cache-status': 'HIT',
352 verbose headers   'access-control-allow-origin': '*',
352 verbose headers   age: '122',
352 verbose headers   'cache-control': 'public, max-age=300',
352 verbose headers   etag: '"46586bc524d9cff35171455f7e50b950"',
352 verbose headers   'last-modified': 'Thu, 22 Aug 2024 09:34:39 GMT',
352 verbose headers   vary: 'Accept-Encoding',
352 verbose headers   server: 'cloudflare' }
353 silly get cb [ 304,
353 silly get   { date: 'Fri, 23 Aug 2024 00:09:57 GMT',
353 silly get     connection: 'keep-alive',
353 silly get     'cf-ray': '8b76e0742e63d1f2-ICN',
353 silly get     'cf-cache-status': 'HIT',
353 silly get     'access-control-allow-origin': '*',
353 silly get     age: '122',
353 silly get     'cache-control': 'public, max-age=300',
353 silly get     etag: '"46586bc524d9cff35171455f7e50b950"',
353 silly get     'last-modified': 'Thu, 22 Aug 2024 09:34:39 GMT',
353 silly get     vary: 'Accept-Encoding',
353 silly get     server: 'cloudflare' } ]
354 verbose etag https://registry.npmjs.org/@babel%2fplugin-transform-class-properties from cache
355 verbose get saving @babel/plugin-transform-class-properties to /home/lorkhan/.npm/registry.npmjs.org/_40babel_252fplugin-transform-class-properties/.cache.json
356 http 304 https://registry.npmjs.org/@babel%2fcore
357 verbose headers { date: 'Fri, 23 Aug 2024 00:09:57 GMT',
357 verbose headers   connection: 'keep-alive',
357 verbose headers   'cf-ray': '8b76e0742b98309e-ICN',
357 verbose headers   'cf-cache-status': 'HIT',
357 verbose headers   'access-control-allow-origin': '*',
357 verbose headers   age: '244',
357 verbose headers   'cache-control': 'public, max-age=300',
357 verbose headers   etag: '"d7d45c92e79276f6ca75fc9ff0158f5f"',
357 verbose headers   'last-modified': 'Tue, 30 Jul 2024 02:54:57 GMT',
357 verbose headers   vary: 'Accept-Encoding',
357 verbose headers   server: 'cloudflare' }
358 silly get cb [ 304,
358 silly get   { date: 'Fri, 23 Aug 2024 00:09:57 GMT',
358 silly get     connection: 'keep-alive',
358 silly get     'cf-ray': '8b76e0742b98309e-ICN',
358 silly get     'cf-cache-status': 'HIT',
358 silly get     'access-control-allow-origin': '*',
358 silly get     age: '244',
358 silly get     'cache-control': 'public, max-age=300',
358 silly get     etag: '"d7d45c92e79276f6ca75fc9ff0158f5f"',
358 silly get     'last-modified': 'Tue, 30 Jul 2024 02:54:57 GMT',
358 silly get     vary: 'Accept-Encoding',
358 silly get     server: 'cloudflare' } ]
359 verbose etag https://registry.npmjs.org/@babel%2fcore from cache
360 verbose get saving @babel/core to /home/lorkhan/.npm/registry.npmjs.org/_40babel_252fcore/.cache.json
361 verbose stack Error: Missing required argument #1
361 verbose stack     at andLogAndFinish (/usr/share/npm/lib/fetch-package-metadata.js:31:3)
361 verbose stack     at fetchPackageMetadata (/usr/share/npm/lib/fetch-package-metadata.js:51:22)
361 verbose stack     at resolveWithNewModule (/usr/share/npm/lib/install/deps.js:456:12)
361 verbose stack     at /usr/share/npm/lib/install/deps.js:457:7
361 verbose stack     at /usr/share/npm/node_modules/iferr/index.js:13:50
361 verbose stack     at /usr/share/npm/lib/fetch-package-metadata.js:37:12
361 verbose stack     at addRequestedAndFinish (/usr/share/npm/lib/fetch-package-metadata.js:82:5)
361 verbose stack     at returnAndAddMetadata (/usr/share/npm/lib/fetch-package-metadata.js:117:7)
361 verbose stack     at pickVersionFromRegistryDocument (/usr/share/npm/lib/fetch-package-metadata.js:134:20)
361 verbose stack     at /usr/share/npm/node_modules/iferr/index.js:13:50
362 verbose cwd /home/lorkhan/github/Lorkhan-0307.github.io
363 error Linux 5.10.16.3-microsoft-standard-WSL2
364 error argv "/usr/bin/node" "/usr/bin/npm" "i"
365 error node v8.10.0
366 error npm  v3.5.2
367 error code EMISSINGARG
368 error typeerror Error: Missing required argument #1
368 error typeerror     at andLogAndFinish (/usr/share/npm/lib/fetch-package-metadata.js:31:3)
368 error typeerror     at fetchPackageMetadata (/usr/share/npm/lib/fetch-package-metadata.js:51:22)
368 error typeerror     at resolveWithNewModule (/usr/share/npm/lib/install/deps.js:456:12)
368 error typeerror     at /usr/share/npm/lib/install/deps.js:457:7
368 error typeerror     at /usr/share/npm/node_modules/iferr/index.js:13:50
368 error typeerror     at /usr/share/npm/lib/fetch-package-metadata.js:37:12
368 error typeerror     at addRequestedAndFinish (/usr/share/npm/lib/fetch-package-metadata.js:82:5)
368 error typeerror     at returnAndAddMetadata (/usr/share/npm/lib/fetch-package-metadata.js:117:7)
368 error typeerror     at pickVersionFromRegistryDocument (/usr/share/npm/lib/fetch-package-metadata.js:134:20)
368 error typeerror     at /usr/share/npm/node_modules/iferr/index.js:13:50
369 error typeerror This is an error with npm itself. Please report this error at:
369 error typeerror     <http://github.com/npm/npm/issues>
370 verbose exit [ 1, true ]
